<?xml version="1.0" encoding="UTF-8"?>
<!-- Generated by org.testng.reporters.JUnitReportReporter -->
<testsuite hostname="DESKTOP-Sharda" failures="0" tests="1" name="com.Berluti.BuyAnProductTest" time="14.302" errors="0" timestamp="2024-02-27T17:38:37 IST" skipped="0">
  <testcase classname="com.Berluti.BuyAnProductTest" name="buyAnProductTest" time="14.302"/>
</testsuite> <!-- com.Berluti.BuyAnProductTest -->
