<?xml version="1.0" encoding="UTF-8"?>
<!-- Generated by org.testng.reporters.JUnitReportReporter -->
<testsuite hostname="DESKTOP-Sharda" failures="0" tests="3" name="DataProvider.ExecuteDPTest" time="0.036" errors="0" timestamp="2024-02-26T17:16:59 IST" skipped="0">
  <testcase classname="DataProvider.ExecuteDPTest" name="getData" time="0.018"/>
  <system-out/>
  <testcase classname="DataProvider.ExecuteDPTest" name="getData" time="0.004"/>
  <system-out/>
  <testcase classname="DataProvider.ExecuteDPTest" name="getData" time="0.014"/>
  <system-out/>
</testsuite> <!-- DataProvider.ExecuteDPTest -->
