<?xml version="1.0" encoding="UTF-8"?>
<!-- Generated by org.testng.reporters.JUnitReportReporter -->
<testsuite hostname="DESKTOP-Sharda" failures="0" tests="5" name="TestNG.PracticeTest2" time="0.033" errors="0" timestamp="2024-02-26T12:40:51 IST" skipped="0">
  <testcase classname="TestNG.PracticeTest2" name="delete" time="0.003"/>
  <system-out/>
  <testcase classname="TestNG.PracticeTest2" name="create" time="0.017"/>
  <system-out/>
  <testcase classname="TestNG.PracticeTest2" name="edit" time="0.003"/>
  <system-out/>
  <testcase classname="TestNG.PracticeTest2" name="login" time="0.003"/>
  <system-out/>
  <testcase classname="TestNG.PracticeTest2" name="edit" time="0.007"/>
  <system-out/>
</testsuite> <!-- TestNG.PracticeTest2 -->
