<?xml version="1.0" encoding="UTF-8"?>
<!-- Generated by org.testng.reporters.JUnitReportReporter -->
<testsuite hostname="DESKTOP-Sharda" failures="0" tests="4" name="TestNG.PracticeTest" time="0.053" errors="0" timestamp="2024-02-26T12:23:09 IST" skipped="0">
  <testcase classname="TestNG.PracticeTest" name="createTest" time="0.042"/>
  <system-out/>
  <testcase classname="TestNG.PracticeTest" name="deleteTest" time="0.004"/>
  <system-out/>
  <testcase classname="TestNG.PracticeTest" name="editTest" time="0.003"/>
  <system-out/>
  <testcase classname="TestNG.PracticeTest" name="editTest" time="0.004"/>
  <system-out/>
</testsuite> <!-- TestNG.PracticeTest -->
